
> pro-dating-app@0.1.0 build
> cross-env NODE_OPTIONS=--max-old-space-size=4096 next build

  â–² Next.js 14.2.33
  - Environments: .env
  - Experiments (use with caution):
    Â· instrumentationHook

   Creating an optimized production build ...
[@sentry/nextjs] DEPRECATION WARNING: It is recommended renaming your `sentry.client.config.ts` file, or moving its content to `instrumentation-client.ts`. When using Turbopack `sentry.client.config.ts` will no longer work. Read more about the `instrumentation-client.ts` file: https://nextjs.org/docs/app/api-reference/file-conventions/instrumentation-client
<w> [webpack.cache.PackFileCacheStrategy] Serializing big strings (188kiB) impacts deserialization performance (consider using Buffer instead and decode when needed)
<w> [webpack.cache.PackFileCacheStrategy] Serializing big strings (139kiB) impacts deserialization performance (consider using Buffer instead and decode when needed)
 âš  Compiled with warnings

./node_modules/ioredis/built/Redis.js
A Node.js API is used (process.nextTick at line: 189) which is not supported in the Edge Runtime.
Learn more: https://nextjs.org/docs/api-reference/edge-runtime

Import trace for requested module:
./node_modules/ioredis/built/Redis.js
./node_modules/ioredis/built/index.js
./lib/redis-rate-limit.ts
./lib/rate-limit.ts

./node_modules/ioredis/built/Redis.js
A Node.js API is used (process.nextTick at line: 193) which is not supported in the Edge Runtime.
Learn more: https://nextjs.org/docs/api-reference/edge-runtime

Import trace for requested module:
./node_modules/ioredis/built/Redis.js
./node_modules/ioredis/built/index.js
./lib/redis-rate-limit.ts
./lib/rate-limit.ts

./node_modules/ioredis/built/Redis.js
A Node.js API is used (process.nextTick at line: 196) which is not supported in the Edge Runtime.
Learn more: https://nextjs.org/docs/api-reference/edge-runtime

Import trace for requested module:
./node_modules/ioredis/built/Redis.js
./node_modules/ioredis/built/index.js
./lib/redis-rate-limit.ts
./lib/rate-limit.ts

./node_modules/ioredis/built/Redis.js
A Node.js API is used (process.nextTick at line: 610) which is not supported in the Edge Runtime.
Learn more: https://nextjs.org/docs/api-reference/edge-runtime

Import trace for requested module:
./node_modules/ioredis/built/Redis.js
./node_modules/ioredis/built/index.js
./lib/redis-rate-limit.ts
./lib/rate-limit.ts

./node_modules/ioredis/built/autoPipelining.js
A Node.js API is used (process.nextTick at line: 60) which is not supported in the Edge Runtime.
Learn more: https://nextjs.org/docs/api-reference/edge-runtime

Import trace for requested module:
./node_modules/ioredis/built/autoPipelining.js
./node_modules/ioredis/built/utils/Commander.js
./node_modules/ioredis/built/Redis.js
./node_modules/ioredis/built/index.js
./lib/redis-rate-limit.ts
./lib/rate-limit.ts

./node_modules/ioredis/built/autoPipelining.js
A Node.js API is used (process.nextTick at line: 65) which is not supported in the Edge Runtime.
Learn more: https://nextjs.org/docs/api-reference/edge-runtime

Import trace for requested module:
./node_modules/ioredis/built/autoPipelining.js
./node_modules/ioredis/built/utils/Commander.js
./node_modules/ioredis/built/Redis.js
./node_modules/ioredis/built/index.js
./lib/redis-rate-limit.ts
./lib/rate-limit.ts

./node_modules/ioredis/built/autoPipelining.js
A Node.js API is used (setImmediate at line: 142) which is not supported in the Edge Runtime.
Learn more: https://nextjs.org/docs/api-reference/edge-runtime

Import trace for requested module:
./node_modules/ioredis/built/autoPipelining.js
./node_modules/ioredis/built/utils/Commander.js
./node_modules/ioredis/built/Redis.js
./node_modules/ioredis/built/index.js
./lib/redis-rate-limit.ts
./lib/rate-limit.ts

./node_modules/ioredis/built/cluster/DelayQueue.js
A Node.js API is used (process.nextTick at line: 22) which is not supported in the Edge Runtime.
Learn more: https://nextjs.org/docs/api-reference/edge-runtime

Import trace for requested module:
./node_modules/ioredis/built/cluster/DelayQueue.js
./node_modules/ioredis/built/cluster/index.js
./node_modules/ioredis/built/index.js
./lib/redis-rate-limit.ts
./lib/rate-limit.ts

./node_modules/ioredis/built/cluster/index.js
A Node.js API is used (setImmediate at line: 238) which is not supported in the Edge Runtime.
Learn more: https://nextjs.org/docs/api-reference/edge-runtime

Import trace for requested module:
./node_modules/ioredis/built/cluster/index.js
./node_modules/ioredis/built/index.js
./lib/redis-rate-limit.ts
./lib/rate-limit.ts

./node_modules/ioredis/built/cluster/index.js
A Node.js API is used (process.nextTick at line: 609) which is not supported in the Edge Runtime.
Learn more: https://nextjs.org/docs/api-reference/edge-runtime

Import trace for requested module:
./node_modules/ioredis/built/cluster/index.js
./node_modules/ioredis/built/index.js
./lib/redis-rate-limit.ts
./lib/rate-limit.ts

./node_modules/ioredis/built/cluster/index.js
A Node.js API is used (process.nextTick at line: 752) which is not supported in the Edge Runtime.
Learn more: https://nextjs.org/docs/api-reference/edge-runtime

Import trace for requested module:
./node_modules/ioredis/built/cluster/index.js
./node_modules/ioredis/built/index.js
./lib/redis-rate-limit.ts
./lib/rate-limit.ts

./node_modules/ioredis/built/connectors/StandaloneConnector.js
A Node.js API is used (process.nextTick at line: 44) which is not supported in the Edge Runtime.
Learn more: https://nextjs.org/docs/api-reference/edge-runtime

Import trace for requested module:
./node_modules/ioredis/built/connectors/StandaloneConnector.js
./node_modules/ioredis/built/connectors/index.js
./node_modules/ioredis/built/Redis.js
./node_modules/ioredis/built/index.js
./lib/redis-rate-limit.ts
./lib/rate-limit.ts

./node_modules/redis-errors/index.js
A Node.js API is used (process.version at line: 3) which is not supported in the Edge Runtime.
Learn more: https://nextjs.org/docs/api-reference/edge-runtime

Import trace for requested module:
./node_modules/redis-errors/index.js
./node_modules/ioredis/built/index.js
./lib/redis-rate-limit.ts
./lib/rate-limit.ts

./node_modules/redis-errors/index.js
A Node.js API is used (process.version at line: 3) which is not supported in the Edge Runtime.
Learn more: https://nextjs.org/docs/api-reference/edge-runtime

Import trace for requested module:
./node_modules/redis-errors/index.js
./node_modules/ioredis/built/index.js
./lib/redis-rate-limit.ts
./lib/rate-limit.ts

   Linting and checking validity of types ...
Failed to compile.

./app/api/auth/forgot-password/route.ts:34:18
Type error: Argument of type '"SECURITY_VIOLATION"' is not assignable to parameter of type 'AuditAction'.

[0m [90m 32 |[39m[0m
[0m [90m 33 |[39m       [36mif[39m ([33m![39mverification[33m.[39msuccess) {[0m
[0m[31m[1m>[22m[39m[90m 34 |[39m         auditLog([32m'SECURITY_VIOLATION'[39m[33m,[39m {[0m
[0m [90m    |[39m                  [31m[1m^[22m[39m[0m
[0m [90m 35 |[39m           ip[33m:[39m clientIP[33m,[39m[0m
[0m [90m 36 |[39m           details[33m:[39m [32m`Turnstile verification failed: ${verification.error}`[39m[33m,[39m[0m
[0m [90m 37 |[39m           success[33m:[39m [36mfalse[39m[0m
Next.js build worker exited with code: 1 and signal: null

> pro-dating-app@0.1.0 build
> cross-env NODE_OPTIONS=--max-old-space-size=4096 next build

  â–² Next.js 14.2.33
  - Environments: .env
  - Experiments (use with caution):
    Â· instrumentationHook

   Creating an optimized production build ...
[@sentry/nextjs] DEPRECATION WARNING: It is recommended renaming your `sentry.client.config.ts` file, or moving its content to `instrumentation-client.ts`. When using Turbopack `sentry.client.config.ts` will no longer work. Read more about the `instrumentation-client.ts` file: https://nextjs.org/docs/app/api-reference/file-conventions/instrumentation-client
<w> [webpack.cache.PackFileCacheStrategy] Serializing big strings (188kiB) impacts deserialization performance (consider using Buffer instead and decode when needed)
<w> [webpack.cache.PackFileCacheStrategy] Serializing big strings (139kiB) impacts deserialization performance (consider using Buffer instead and decode when needed)
 âœ“ Compiled successfully
   Linting and checking validity of types ...
Failed to compile.

./app/api/register/route.ts:63:18
Type error: Argument of type '"REGISTER_TURNSTILE_FAILED"' is not assignable to parameter of type 'AuditAction'.

[0m [90m 61 |[39m[0m
[0m [90m 62 |[39m       [36mif[39m ([33m![39mverification[33m.[39msuccess) {[0m
[0m[31m[1m>[22m[39m[90m 63 |[39m         auditLog([32m'REGISTER_TURNSTILE_FAILED'[39m[33m,[39m {[0m
[0m [90m    |[39m                  [31m[1m^[22m[39m[0m
[0m [90m 64 |[39m           ip[33m:[39m clientIP[33m,[39m[0m
[0m [90m 65 |[39m           details[33m:[39m verification[33m.[39merror[33m,[39m[0m
[0m [90m 66 |[39m           success[33m:[39m [36mfalse[39m[0m
Next.js build worker exited with code: 1 and signal: null
